0 info it worked if it ends with ok
1 verbose cli [ '/usr/local/bin/node', '/usr/local/bin/npm', 'install', 'node' ]
2 info using npm@2.15.9
3 info using node@v4.5.0
4 verbose install initial load of /Users/mac/Documents/Development/Mocha-Test/package.json
5 verbose readDependencies loading dependencies from /Users/mac/Documents/Development/Mocha-Test/package.json
6 silly cache add args [ 'node', null ]
7 verbose cache add spec node
8 silly cache add parsed spec Result {
8 silly cache add   raw: 'node',
8 silly cache add   scope: null,
8 silly cache add   name: 'node',
8 silly cache add   rawSpec: '',
8 silly cache add   spec: 'latest',
8 silly cache add   type: 'tag' }
9 silly addNamed node@latest
10 verbose addNamed "latest" is being treated as a dist-tag for node
11 info addNameTag [ 'node', 'latest' ]
12 silly mapToRegistry name node
13 silly mapToRegistry using default registry
14 silly mapToRegistry registry https://registry.npmjs.org/
15 silly mapToRegistry data Result {
15 silly mapToRegistry   raw: 'node',
15 silly mapToRegistry   scope: null,
15 silly mapToRegistry   name: 'node',
15 silly mapToRegistry   rawSpec: '',
15 silly mapToRegistry   spec: 'latest',
15 silly mapToRegistry   type: 'tag' }
16 silly mapToRegistry uri https://registry.npmjs.org/node
17 verbose addNameTag registry:https://registry.npmjs.org/node not in flight; fetching
18 verbose request uri https://registry.npmjs.org/node
19 verbose request no auth needed
20 info attempt registry request try #1 at 8:58:15 PM
21 verbose request id 14c4c8245fb564ac
22 verbose etag "5afb698f-5dc23"
23 verbose lastModified Tue, 15 May 2018 23:13:19 GMT
24 http request GET https://registry.npmjs.org/node
25 http 304 https://registry.npmjs.org/node
26 verbose headers { date: 'Thu, 17 May 2018 17:58:16 GMT',
26 verbose headers   via: '1.1 varnish',
26 verbose headers   'cache-control': 'max-age=300',
26 verbose headers   etag: '"5afb698f-5dc23"',
26 verbose headers   age: '3478',
26 verbose headers   connection: 'keep-alive',
26 verbose headers   'x-served-by': 'cache-hhn1534-HHN',
26 verbose headers   'x-cache': 'HIT',
26 verbose headers   'x-cache-hits': '1',
26 verbose headers   'x-timer': 'S1526579896.113473,VS0,VE1',
26 verbose headers   vary: 'Accept-Encoding, Accept' }
27 silly get cb [ 304,
27 silly get   { date: 'Thu, 17 May 2018 17:58:16 GMT',
27 silly get     via: '1.1 varnish',
27 silly get     'cache-control': 'max-age=300',
27 silly get     etag: '"5afb698f-5dc23"',
27 silly get     age: '3478',
27 silly get     connection: 'keep-alive',
27 silly get     'x-served-by': 'cache-hhn1534-HHN',
27 silly get     'x-cache': 'HIT',
27 silly get     'x-cache-hits': '1',
27 silly get     'x-timer': 'S1526579896.113473,VS0,VE1',
27 silly get     vary: 'Accept-Encoding, Accept' } ]
28 verbose etag https://registry.npmjs.org/node from cache
29 verbose get saving node to /Users/mac/.npm/registry.npmjs.org/node/.cache.json
30 verbose correctMkdir /Users/mac/.npm correctMkdir not in flight; initializing
31 silly addNameTag next cb for node with tag latest
32 silly addNamed node@10.0.0
33 verbose addNamed "10.0.0" is a plain semver version for node
34 silly cache afterAdd node@10.0.0
35 verbose afterAdd /Users/mac/.npm/node/10.0.0/package/package.json not in flight; writing
36 verbose correctMkdir /Users/mac/.npm correctMkdir not in flight; initializing
37 verbose afterAdd /Users/mac/.npm/node/10.0.0/package/package.json written
38 silly install resolved [ { name: 'node',
38 silly install resolved     version: '10.0.0',
38 silly install resolved     description: 'node',
38 silly install resolved     main: 'index.js',
38 silly install resolved     keywords: [ 'runtime' ],
38 silly install resolved     repository:
38 silly install resolved      { type: 'git',
38 silly install resolved        url: 'git+https://github.com/aredridel/node-bin-gen.git' },
38 silly install resolved     scripts: { preinstall: 'node installArchSpecificPackage' },
38 silly install resolved     bin: { node: 'bin/node' },
38 silly install resolved     dependencies: { 'node-bin-setup': '^1.0.0' },
38 silly install resolved     license: 'ISC',
38 silly install resolved     author: '',
38 silly install resolved     engines: { npm: '>=5.0.0' },
38 silly install resolved     bugs: { url: 'https://github.com/aredridel/node-bin-gen/issues' },
38 silly install resolved     homepage: 'https://github.com/aredridel/node-bin-gen#readme',
38 silly install resolved     _id: 'node@10.0.0',
38 silly install resolved     _npmVersion: '6.0.0',
38 silly install resolved     _nodeVersion: '8.9.4',
38 silly install resolved     _npmUser: { name: 'aredridel', email: 'aredridel@dinhe.net' },
38 silly install resolved     dist:
38 silly install resolved      { integrity: 'sha512-Ps0lFNyTDEzH8yqCZ3hBXARs+H28dn1cmJt2oxWgqIdMvt0+SByZuiA12mEV+akVjXxkSuuaBH8I92C0SrnFkQ==',
38 silly install resolved        shasum: 'd998340e4bbba200134c1b0376ef79810ca18adb',
38 silly install resolved        tarball: 'https://registry.npmjs.org/node/-/node-10.0.0.tgz',
38 silly install resolved        fileCount: 3,
38 silly install resolved        unpackedSize: 1475,
38 silly install resolved        'npm-signature': '-----BEGIN PGP SIGNATURE-----\r\nVersion: OpenPGP.js v3.0.4\r\nComment: https://openpgpjs.org\r\n\r\nwsFcBAEBCAAQBQJa3/chCRA9TVsSAnZWagAAeHEQAINECnvlZQf/bXTnNyS1\nT3zvDBwd/fgDjyWFTmy22Tfd783h6a2K8FBblBVK0oS9p8+i5mUqsjFOYwzj\nXX3/ih2wiKlUpPAZi43ZkJ2hqqkvzg7SsdbS0YlFOipAG8XydPYa4eNFxZxV\n1pnKlPvsw6CDjlXlQNbWGZxX6FdzMXn0k6+1MOr2hmEAfZWJVN9T9yb5/sXW\nJzH3LtvlCIKc5tCAlY2Wjpxkp4B8bHv/tJObuSBHeevLw17a0lnfMw7UaWBQ\nRZhyImOJOwtQ2BWeNeLkxu+4XG1HJOwPIKea6q73ko0VcAqpBi2m/rzA7vWV\nKuc0xuV4GgSDRWcx1Uc4YKaSxkWNMgM2tewzpft9b/z0n3dvvylwImgrVuXN\nLA7v/mMq9X7P5G8HSnBEGIe6C2/Gkz3NtJ3hr/m+gARsbyQ7RQilPCE/xL43\nX5/VB7Zth6l+2yP1Sqw2/yURl7dKigiwLsVLaLiaJOlE/Z4OuxXI+3GWmAzp\nF17ggv+D3LLJ0/nLFFnDGbUYAIyX8hdeEPtJVAOO8FEAflzTwdHz5hrHcFKV\nGGGF5b/WotaFk5KlpmDleY56Ccjhl4ySQtEBS3PjAjcnB7b6aAVVWKYsYJxs\nKBrnpx4OiC3hFBTlqZsTc8e4BXjKTleRvrUKrcTZxEq3ITnlFna1hCu1zMhH\nmofE\r\n=AVFm\r\n-----END PGP SIGNATURE-----\r\n' },
38 silly install resolved     maintainers: [ [Object], [Object] ],
38 silly install resolved     directories: {},
38 silly install resolved     _npmOperationalInternal:
38 silly install resolved      { host: 's3://npm-registry-packages',
38 silly install resolved        tmp: 'tmp/node_10.0.0_1524627232407_0.5808748470254494' },
38 silly install resolved     _shasum: 'd998340e4bbba200134c1b0376ef79810ca18adb',
38 silly install resolved     _resolved: 'https://registry.npmjs.org/node/-/node-10.0.0.tgz',
38 silly install resolved     _from: 'node@latest',
38 silly install resolved     readme: 'ERROR: No README data found!' } ]
39 info install node@10.0.0 into /Users/mac/Documents/Development/Mocha-Test
40 info installOne node@10.0.0
41 verbose installOne of node to /Users/mac/Documents/Development/Mocha-Test not in flight; installing
42 verbose correctMkdir /Users/mac/.npm/_locks correctMkdir not in flight; initializing
43 verbose lock using /Users/mac/.npm/_locks/node-9600dd0a8183e618.lock for /Users/mac/Documents/Development/Mocha-Test/node_modules/node
44 warn engine node@10.0.0: wanted: {"npm":">=5.0.0"} (current: {"node":"4.5.0","npm":"2.15.9"})
45 silly install write writing node 10.0.0 to /Users/mac/Documents/Development/Mocha-Test/node_modules/node
46 verbose unbuild node_modules/node
47 silly gentlyRm /Users/mac/Documents/Development/Mocha-Test/node_modules/node is being purged from base /Users/mac/Documents/Development/Mocha-Test
48 verbose gentlyRm don't care about contents; nuking /Users/mac/Documents/Development/Mocha-Test/node_modules/node
49 verbose tar unpack /Users/mac/.npm/node/10.0.0/package.tgz
50 verbose tar unpacking to /Users/mac/Documents/Development/Mocha-Test/node_modules/node
51 silly gentlyRm /Users/mac/Documents/Development/Mocha-Test/node_modules/node is being purged
52 verbose gentlyRm don't care about contents; nuking /Users/mac/Documents/Development/Mocha-Test/node_modules/node
53 silly gunzTarPerm modes [ '755', '644' ]
54 silly gunzTarPerm extractEntry package.json
55 silly gunzTarPerm extractEntry installArchSpecificPackage.js
56 silly gunzTarPerm extractEntry README.md
57 verbose write writing to /Users/mac/Documents/Development/Mocha-Test/node_modules/node/package.json
58 info preinstall node@10.0.0
59 verbose unsafe-perm in lifecycle true
60 info node@10.0.0 Failed to exec preinstall script
61 verbose unlock done using /Users/mac/.npm/_locks/node-9600dd0a8183e618.lock for /Users/mac/Documents/Development/Mocha-Test/node_modules/node
62 verbose stack Error: node@10.0.0 preinstall: `node installArchSpecificPackage`
62 verbose stack Exit status 1
62 verbose stack     at EventEmitter.<anonymous> (/usr/local/lib/node_modules/npm/lib/utils/lifecycle.js:217:16)
62 verbose stack     at emitTwo (events.js:87:13)
62 verbose stack     at EventEmitter.emit (events.js:172:7)
62 verbose stack     at ChildProcess.<anonymous> (/usr/local/lib/node_modules/npm/lib/utils/spawn.js:24:14)
62 verbose stack     at emitTwo (events.js:87:13)
62 verbose stack     at ChildProcess.emit (events.js:172:7)
62 verbose stack     at maybeClose (internal/child_process.js:829:16)
62 verbose stack     at Process.ChildProcess._handle.onexit (internal/child_process.js:211:5)
63 verbose pkgid node@10.0.0
64 verbose cwd /Users/mac/Documents/Development/Mocha-Test
65 error Darwin 15.6.0
66 error argv "/usr/local/bin/node" "/usr/local/bin/npm" "install" "node"
67 error node v4.5.0
68 error npm  v2.15.9
69 error code ELIFECYCLE
70 error node@10.0.0 preinstall: `node installArchSpecificPackage`
70 error Exit status 1
71 error Failed at the node@10.0.0 preinstall script 'node installArchSpecificPackage'.
71 error This is most likely a problem with the node package,
71 error not with npm itself.
71 error Tell the author that this fails on your system:
71 error     node installArchSpecificPackage
71 error You can get information on how to open an issue for this project with:
71 error     npm bugs node
71 error Or if that isn't available, you can get their info via:
71 error
71 error     npm owner ls node
71 error There is likely additional logging output above.
72 verbose exit [ 1, true ]
73 verbose unbuild node_modules/node
74 info preuninstall node@10.0.0
75 info uninstall node@10.0.0
76 verbose unbuild rmStuff node@10.0.0 from /Users/mac/Documents/Development/Mocha-Test/node_modules
77 silly gentlyRm /Users/mac/Documents/Development/Mocha-Test/node_modules/.bin/node is being gently removed
78 silly gentlyRm verifying /Users/mac/Documents/Development/Mocha-Test is an npm working directory
79 silly gentlyRm containing path /Users/mac/Documents/Development/Mocha-Test is under npm's control, in /Users/mac/Documents/Development/Mocha-Test
80 silly gentlyRm deletion target /Users/mac/Documents/Development/Mocha-Test/node_modules/.bin/node is under /Users/mac/Documents/Development/Mocha-Test
81 verbose gentlyRm vacuuming from /Users/mac/Documents/Development/Mocha-Test/node_modules/.bin/node up to /Users/mac/Documents/Development/Mocha-Test
82 info postuninstall node@10.0.0
83 silly gentlyRm /Users/mac/Documents/Development/Mocha-Test/node_modules/node is being purged from base /Users/mac/Documents/Development/Mocha-Test
84 verbose gentlyRm don't care about contents; nuking /Users/mac/Documents/Development/Mocha-Test/node_modules/node
85 silly vacuum-fs purging /Users/mac/Documents/Development/Mocha-Test/node_modules/node
86 silly vacuum-fs removing /Users/mac/Documents/Development/Mocha-Test/node_modules
87 silly vacuum-fs finished vacuuming up to /Users/mac/Documents/Development/Mocha-Test
